<?xml version="1.0" encoding="UTF-8"?>
<!-- Generated by org.testng.reporters.JUnitReportReporter -->
<testsuite hostname="DESKTOP-AC6GUOM" failures="0" tests="9" name="CucumberOptions.TestNGTestRUnner" time="0.126" errors="0" timestamp="2021-05-31T07:42:54 IST" skipped="0">
  <testcase classname="CucumberOptions.TestNGTestRUnner" name="runScenario" time="0.004"/>
  <system-out/>
  <testcase classname="CucumberOptions.TestNGTestRUnner" name="runScenario" time="0.004"/>
  <system-out/>
  <testcase classname="CucumberOptions.TestNGTestRUnner" name="runScenario" time="0.092"/>
  <system-out/>
  <testcase classname="CucumberOptions.TestNGTestRUnner" name="runScenario" time="0.004"/>
  <system-out/>
  <testcase classname="CucumberOptions.TestNGTestRUnner" name="runScenario" time="0.007"/>
  <system-out/>
  <testcase classname="CucumberOptions.TestNGTestRUnner" name="runScenario" time="0.005"/>
  <system-out/>
  <testcase classname="CucumberOptions.TestNGTestRUnner" name="runScenario" time="0.002"/>
  <system-out/>
  <testcase classname="CucumberOptions.TestNGTestRUnner" name="runScenario" time="0.004"/>
  <system-out/>
  <testcase classname="CucumberOptions.TestNGTestRUnner" name="runScenario" time="0.004"/>
  <system-out/>
</testsuite> <!-- CucumberOptions.TestNGTestRUnner -->
