<?xml version="1.0" encoding="UTF-8"?>
<!-- Generated by org.testng.reporters.JUnitReportReporter -->
<testsuite hostname="DESKTOP-AC6GUOM" failures="0" tests="1" name="Cucumber.Automation.AppTest" time="0.003" errors="0" timestamp="2021-05-31T07:42:54 IST" skipped="0">
  <testcase classname="Cucumber.Automation.AppTest" name="shouldAnswerWithTrue" time="0.003"/>
  <system-out/>
</testsuite> <!-- Cucumber.Automation.AppTest -->
