<?xml version="1.0" encoding="UTF-8"?>
<!-- Generated by org.testng.reporters.JUnitReportReporter -->
<testsuite hostname="DESKTOP-AC6GUOM" failures="0" tests="1" name="CucumberOptions.TestNGTestRUnner" time="0.122" errors="0" timestamp="2021-05-27T07:18:31 IST" skipped="0">
  <testcase classname="CucumberOptions.TestNGTestRUnner" name="runScenario" time="0.122"/>
  <system-out/>
</testsuite> <!-- CucumberOptions.TestNGTestRUnner -->
